<?xml version="1.0" encoding="UTF-8" ?>
<testsuite tests="14" failures="0" name="ru.spbau.pavlyutchenko.task1.GrepTest" time="0.111" errors="0" skipped="0">
  <properties>
    <property name="idea.version" value="14.1.5"/>
    <property name="java.runtime.name" value="Java(TM) SE Runtime Environment"/>
    <property name="sun.boot.library.path" value="C:\Program Files\Java\jdk1.8.0_11\jre\bin"/>
    <property name="java.vm.version" value="25.11-b03"/>
    <property name="java.vm.vendor" value="Oracle Corporation"/>
    <property name="java.vendor.url" value="http://java.oracle.com/"/>
    <property name="path.separator" value=";"/>
    <property name="guice.disable.misplaced.annotation.check" value="true"/>
    <property name="java.vm.name" value="Java HotSpot(TM) 64-Bit Server VM"/>
    <property name="file.encoding.pkg" value="sun.io"/>
    <property name="idea.launcher.port" value="7537"/>
    <property name="user.script" value=""/>
    <property name="user.country" value="US"/>
    <property name="sun.java.launcher" value="SUN_STANDARD"/>
    <property name="sun.os.patch.level" value=""/>
    <property name="java.vm.specification.name" value="Java Virtual Machine Specification"/>
    <property name="user.dir" value="C:\Users\Denis\Desktop\design\design-task-1"/>
    <property name="java.runtime.version" value="1.8.0_11-b12"/>
    <property name="java.awt.graphicsenv" value="sun.awt.Win32GraphicsEnvironment"/>
    <property name="java.endorsed.dirs" value="C:\Program Files\Java\jdk1.8.0_11\jre\lib\endorsed"/>
    <property name="os.arch" value="amd64"/>
    <property name="java.io.tmpdir" value="C:\Users\Denis\AppData\Local\Temp\"/>
    <property name="line.separator" value="
"/>
    <property name="java.vm.specification.vendor" value="Oracle Corporation"/>
    <property name="user.variant" value=""/>
    <property name="os.name" value="Windows 8.1"/>
    <property name="classworlds.conf" value="C:\Program Files (x86)\JetBrains\IntelliJ IDEA 14.1\plugins\maven\lib\maven3\bin\m2.conf"/>
    <property name="sun.jnu.encoding" value="Cp1251"/>
    <property name="java.library.path" value="C:\Program Files\Java\jdk1.8.0_11\bin;C:\WINDOWS\Sun\Java\bin;C:\WINDOWS\system32;C:\WINDOWS;C:\Program Files (x86)\AMD APP\bin\x86_64;C:\Program Files (x86)\AMD APP\bin\x86;C:\Users\Denis\Documents\AMD APP\bin\x86_64;C:\Users\Denis\Documents\AMD APP\bin\x86;C:\Program Files\Haskell\bin;C:\Program Files\Haskell Platform\2014.2.0.0\lib\extralibs\bin;C:\Program Files\Haskell Platform\2014.2.0.0\bin;C:\Python34\;C:\Python34\Scripts;C:\ProgramData\Oracle\Java\javapath;C:\Program Files\Broadcom\Broadcom 802.11 Network Adapter\Driver;C:\WINDOWS\system32;C:\WINDOWS;C:\WINDOWS\System32\Wbem;C:\WINDOWS\System32\WindowsPowerShell\v1.0\;C:\Program Files\Intel\WiFi\bin\;C:\Program Files\Common Files\Intel\WirelessCommon\;C:\Program Files (x86)\ATI Technologies\ATI.ACE\Core-Static;C:\Program Files (x86)\Windows Kits\8.1\Windows Performance Toolkit\;C:\Program Files\Microsoft SQL Server\110\Tools\Binn\;C:\Program Files (x86)\Microsoft SQL Server\110\Tools\Binn\;C:\Program Files\Microsoft SQL Server\110\DTS\Binn\;C:\Program Files (x86)\Microsoft SQL Server\110\Tools\Binn\ManagementStudio\;C:\Program Files (x86)\Microsoft Visual Studio 10.0\Common7\IDE\PrivateAssemblies\;C:\Program Files (x86)\Microsoft SQL Server\110\DTS\Binn\;C:\Program Files\TortoiseSVN\bin;C:\Program Files\nodejs;\C:\Program Files\gradle-2.1-bin\gradle-2.1\bin;C:\Program Files\Haskell Platform\2014.2.0.0\mingw\bin;C:\Program Files (x86)\scala\bin;C:\FPC\2.6.4\bin\i386-Win32;C:\Program Files (x86)\Skype\Phone\;C:\Program Files (x86)\sbt\\bin;$(AMDAPPSDKROOT)\bin\x86_64;$(AMDAPPSDKSAMPLESROOT)\bin\x86_64;C:\Program Files (x86)\AMD APP\tools\AMD APP KernelAnalyzer 1.9\;C:\Users\Denis\AppData\Roaming\cabal\bin;C:\Users\Denis\AppData\Roaming\npm;C:\Program Files\nodejs\;C:\Program Files\gradle-2.1-bin\gradle-2.1\bin;C:\Program Files\Apache Software Foundation\apache-maven-3.2.3\bin;C:\Users\Denis\AppData\Local\Enthought\Canopy\User;C:\Users\Denis\AppData\Local\Enthought\Canopy\User\Scripts;."/>
    <property name="java.specification.name" value="Java Platform API Specification"/>
    <property name="java.class.version" value="52.0"/>
    <property name="sun.management.compiler" value="HotSpot 64-Bit Tiered Compilers"/>
    <property name="os.version" value="6.3"/>
    <property name="user.home" value="C:\Users\Denis"/>
    <property name="user.timezone" value="Europe/Moscow"/>
    <property name="java.awt.printerjob" value="sun.awt.windows.WPrinterJob"/>
    <property name="java.specification.version" value="1.8"/>
    <property name="idea.launcher.bin.path" value="C:\Program Files (x86)\JetBrains\IntelliJ IDEA 14.1\bin"/>
    <property name="file.encoding" value="windows-1251"/>
    <property name="user.name" value="Denis"/>
    <property name="java.class.path" value="C:\Program Files (x86)\JetBrains\IntelliJ IDEA 14.1\plugins\maven\lib\maven3\boot\plexus-classworlds-2.4.jar;C:\Program Files (x86)\JetBrains\IntelliJ IDEA 14.1\lib\idea_rt.jar"/>
    <property name="java.vm.specification.version" value="1.8"/>
    <property name="sun.arch.data.model" value="64"/>
    <property name="java.home" value="C:\Program Files\Java\jdk1.8.0_11\jre"/>
    <property name="sun.java.command" value="com.intellij.rt.execution.application.AppMain org.codehaus.classworlds.Launcher -Didea.version=14.1.5 package"/>
    <property name="java.specification.vendor" value="Oracle Corporation"/>
    <property name="user.language" value="en"/>
    <property name="awt.toolkit" value="sun.awt.windows.WToolkit"/>
    <property name="java.vm.info" value="mixed mode"/>
    <property name="java.version" value="1.8.0_11"/>
    <property name="java.ext.dirs" value="C:\Program Files\Java\jdk1.8.0_11\jre\lib\ext;C:\WINDOWS\Sun\Java\lib\ext"/>
    <property name="sun.boot.class.path" value="C:\Program Files\Java\jdk1.8.0_11\jre\lib\resources.jar;C:\Program Files\Java\jdk1.8.0_11\jre\lib\rt.jar;C:\Program Files\Java\jdk1.8.0_11\jre\lib\sunrsasign.jar;C:\Program Files\Java\jdk1.8.0_11\jre\lib\jsse.jar;C:\Program Files\Java\jdk1.8.0_11\jre\lib\jce.jar;C:\Program Files\Java\jdk1.8.0_11\jre\lib\charsets.jar;C:\Program Files\Java\jdk1.8.0_11\jre\lib\jfr.jar;C:\Program Files\Java\jdk1.8.0_11\jre\classes"/>
    <property name="java.vendor" value="Oracle Corporation"/>
    <property name="maven.home" value="C:\Program Files (x86)\JetBrains\IntelliJ IDEA 14.1\plugins\maven\lib\maven3"/>
    <property name="file.separator" value="\"/>
    <property name="java.vendor.url.bug" value="http://bugreport.sun.com/bugreport/"/>
    <property name="sun.cpu.endian" value="little"/>
    <property name="sun.io.unicode.encoding" value="UnicodeLittle"/>
    <property name="sun.desktop" value="windows"/>
    <property name="sun.cpu.isalist" value="amd64"/>
  </properties>
  <testcase classname="ru.spbau.pavlyutchenko.task1.GrepTest" name="testGrepWithWordRegexp2" time="0.006"/>
  <testcase classname="ru.spbau.pavlyutchenko.task1.GrepTest" name="testSimpleGrepWithoutArgs2" time="0"/>
  <testcase classname="ru.spbau.pavlyutchenko.task1.GrepTest" name="testGrepWithStartOfLineSymbol" time="0"/>
  <testcase classname="ru.spbau.pavlyutchenko.task1.GrepTest" name="testGrepWithAfterContextAndCaseIgnore" time="0"/>
  <testcase classname="ru.spbau.pavlyutchenko.task1.GrepTest" name="testGrepWithAfterContextAndCaseIgnoreAndWordRegexp" time="0"/>
  <testcase classname="ru.spbau.pavlyutchenko.task1.GrepTest" name="testGrepWithIgnoreCase" time="0"/>
  <testcase classname="ru.spbau.pavlyutchenko.task1.GrepTest" name="testSimpleGrepWithoutArgs" time="0"/>
  <testcase classname="ru.spbau.pavlyutchenko.task1.GrepTest" name="testGrepWithStartOfLineSymbolAndIgnoreCase" time="0"/>
  <testcase classname="ru.spbau.pavlyutchenko.task1.GrepTest" name="testGrepWithEndOfLineSymbolAndIgnoreCase" time="0"/>
  <testcase classname="ru.spbau.pavlyutchenko.task1.GrepTest" name="testGrepWithWordRegexp" time="0"/>
  <testcase classname="ru.spbau.pavlyutchenko.task1.GrepTest" name="testGrepWithAfterContextAndCaseIgnoreAndWordRegexp2" time="0"/>
  <testcase classname="ru.spbau.pavlyutchenko.task1.GrepTest" name="testGrepWithEndOfLineSymbol" time="0"/>
  <testcase classname="ru.spbau.pavlyutchenko.task1.GrepTest" name="testGrepWithAfterContext" time="0"/>
  <testcase classname="ru.spbau.pavlyutchenko.task1.GrepTest" name="testGrepWithWordRegexpAndIgnoreCase" time="0"/>
</testsuite>